d:\sxoli\4o etos\hy454\games2022\cs454\x64\release\vc143.pdb
d:\sxoli\4o etos\hy454\games2022\cs454\x64\release\unittest1.obj
d:\sxoli\4o etos\hy454\games2022\cs454\x64\release\tilemap.obj
d:\sxoli\4o etos\hy454\games2022\cs454\x64\release\tileparser.obj
d:\sxoli\4o etos\hy454\games2022\cs454\x64\release\source.obj
d:\sxoli\4o etos\hy454\games2022\cs454\x64\release\map.obj
d:\sxoli\4o etos\hy454\games2022\cs454\x64\release\game.obj
d:\sxoli\4o etos\hy454\games2022\cs454\x64\release\bitmap.obj
d:\sxoli\4o etos\hy454\games2022\cs454\x64\release\app.obj
d:\sxoli\4o etos\hy454\games2022\cs454\x64\release\cs454.obj
d:\sxoli\4o etos\hy454\games2022\cs454\x64\release\cs454.exe
d:\sxoli\4o etos\hy454\games2022\cs454\x64\release\cs454.pdb
d:\sxoli\4o etos\hy454\games2022\cs454\x64\release\cs454.ipdb
d:\sxoli\4o etos\hy454\games2022\cs454\x64\release\cs454.iobj
d:\sxoli\4o etos\hy454\games2022\cs454\x64\release\allegro-debug.pdb
d:\sxoli\4o etos\hy454\games2022\cs454\x64\release\allegro_color-debug.pdb
d:\sxoli\4o etos\hy454\games2022\cs454\x64\release\allegro_font-debug.pdb
d:\sxoli\4o etos\hy454\games2022\cs454\x64\release\allegro_image-debug.pdb
d:\sxoli\4o etos\hy454\games2022\cs454\x64\release\allegro_ttf-debug.pdb
d:\sxoli\4o etos\hy454\games2022\cs454\x64\release\cs454.tlog\cl.command.1.tlog
d:\sxoli\4o etos\hy454\games2022\cs454\x64\release\cs454.tlog\cl.read.1.tlog
d:\sxoli\4o etos\hy454\games2022\cs454\x64\release\cs454.tlog\cl.write.1.tlog
d:\sxoli\4o etos\hy454\games2022\cs454\x64\release\cs454.tlog\link.command.1.tlog
d:\sxoli\4o etos\hy454\games2022\cs454\x64\release\cs454.tlog\link.read.1.tlog
d:\sxoli\4o etos\hy454\games2022\cs454\x64\release\cs454.tlog\link.write.1.tlog
d:\sxoli\4o etos\hy454\games2022\cs454\x64\release\cs454.tlog\link.write.2u.tlog
